<?xml version="1.0" encoding="UTF-8"?>
<!-- Generated by org.testng.reporters.JUnitReportReporter -->
<testsuite hostname="DIMA-PC" name="com.FrameworkTestCases.TestCases" tests="1" failures="0" timestamp="1 Oct 2015 04:46:26 GMT" time="24.963" errors="0">
  <testcase name="submitApp" time="24.963" classname="com.FrameworkTestCases.TestCases"/>
</testsuite> <!-- com.FrameworkTestCases.TestCases -->
