<?xml version="1.0" encoding="UTF-8"?>
<!-- Generated by org.testng.reporters.JUnitReportReporter -->
<testsuite hostname="DIMA-PC" name="com.FrameworkTestCases.TestCases" tests="1" failures="0" timestamp="1 Oct 2015 04:14:50 GMT" time="19.041" errors="0">
  <testcase name="submitApp" time="19.041" classname="com.FrameworkTestCases.TestCases"/>
</testsuite> <!-- com.FrameworkTestCases.TestCases -->
